<?xml version="1.0" encoding="UTF-8"?>
<!-- Generated by org.testng.reporters.JUnitReportReporter -->
<testsuite hostname="LAPTOP-GPH18MHG" failures="0" tests="1" name="Airtel.NewReg" time="0.000" errors="0" timestamp="2023-05-16T15:56:11 IST" skipped="1">
  <testcase classname="Airtel.NewReg" name="registration" time="0.000">
    <skipped/>
  </testcase> <!-- registration -->
  <system-out/>
</testsuite> <!-- Airtel.NewReg -->
